#
# There is insufficient memory for the Java Runtime Environment to continue.
# Native memory allocation (mmap) failed to map 255852544 bytes. Error detail: G1 virtual space
# Possible reasons:
#   The system is out of physical RAM or swap space
#   This process is running with CompressedOops enabled, and the Java Heap may be blocking the growth of the native heap
# Possible solutions:
#   Reduce memory load on the system
#   Increase physical memory or swap space
#   Check if swap backing store is full
#   Decrease Java heap size (-Xmx/-Xms)
#   Decrease number of Java threads
#   Decrease Java thread stack sizes (-Xss)
#   Set larger code cache with -XX:ReservedCodeCacheSize=
#   JVM is running with Zero Based Compressed Oops mode in which the Java heap is
#     placed in the first 32GB address space. The Java Heap base address is the
#     maximum limit for the native heap growth. Please use -XX:HeapBaseMinAddress
#     to set the Java Heap base and to place the Java Heap above 32GB virtual address.
# This output file may be truncated or incomplete.
#
#  Out of Memory Error (os_windows.cpp:3703), pid=34216, tid=1980
#
# JRE version:  (23.0+37) (build )
# Java VM: Java HotSpot(TM) 64-Bit Server VM (23+37-2369, mixed mode, sharing, tiered, compressed oops, compressed class ptrs, g1 gc, windows-amd64)
# No core dump will be written. Minidumps are not enabled by default on client versions of Windows
#

---------------  S U M M A R Y ------------

Command Line: -Dfile.encoding=UTF-8 -Dstdout.encoding=UTF-8 -Dstderr.encoding=UTF-8 -XX:+ShowCodeDetailsInExceptionMessages views.HomeView

Host: AMD Ryzen 5 6600H with Radeon Graphics         , 12 cores, 15G,  Windows 11 , 64 bit Build 22621 (10.0.22621.4391)
Time: Wed Nov 20 20:08:12 2024 SE Asia Standard Time elapsed time: 0.014546 seconds (0d 0h 0m 0s)

---------------  T H R E A D  ---------------

Current thread (0x000001c114fbe5b0):  JavaThread "Unknown thread" [_thread_in_vm, id=1980, stack(0x0000004bfcf00000,0x0000004bfd000000) (1024K)]

Stack: [0x0000004bfcf00000,0x0000004bfd000000]
Native frames: (J=compiled Java code, j=interpreted, Vv=VM code, C=native code)
V  [jvm.dll+0x6e08a9]  (no source info available)
V  [jvm.dll+0x87da63]  (no source info available)
V  [jvm.dll+0x87feee]  (no source info available)
V  [jvm.dll+0x8805c3]  (no source info available)
V  [jvm.dll+0x27aee6]  (no source info available)
V  [jvm.dll+0x6dd1b5]  (no source info available)
V  [jvm.dll+0x6d103a]  (no source info available)
V  [jvm.dll+0x35b3ea]  (no source info available)
V  [jvm.dll+0x3637f6]  (no source info available)
V  [jvm.dll+0x34fd5e]  (no source info available)
V  [jvm.dll+0x34fff8]  (no source info available)
V  [jvm.dll+0x3289cc]  (no source info available)
V  [jvm.dll+0x32966e]  (no source info available)
V  [jvm.dll+0x8442e5]  (no source info available)
V  [jvm.dll+0x3b9848]  (no source info available)
V  [jvm.dll+0x82d0dc]  (no source info available)
V  [jvm.dll+0x454d4e]  (no source info available)
V  [jvm.dll+0x456bd1]  (no source info available)
C  [jli.dll+0x52a3]  (no source info available)
C  [ucrtbase.dll+0x29333]  (no source info available)
C  [KERNEL32.DLL+0x1259d]  (no source info available)
C  [ntdll.dll+0x5af38]  (no source info available)

Lock stack of current Java thread (top to bottom):


---------------  P R O C E S S  ---------------

Threads class SMR info:
_java_thread_list=0x00007ffb07cc3618, length=0, elements={
}

Java Threads: ( => current thread )
Total: 0

Other Threads:
  0x000001c11739eba0 WorkerThread "GC Thread#0"                     [id=39816, stack(0x0000004bfd000000,0x0000004bfd100000) (1024K)]
  0x000001c1173cbc00 ConcurrentGCThread "G1 Main Marker"            [id=34128, stack(0x0000004bfd100000,0x0000004bfd200000) (1024K)]
  0x000001c1173cc710 WorkerThread "G1 Conc#0"                       [id=38136, stack(0x0000004bfd200000,0x0000004bfd300000) (1024K)]

[error occurred during error reporting (printing all threads), id 0xc0000005, EXCEPTION_ACCESS_VIOLATION (0xc0000005) at pc=0x00007ffb0740bfba]
VM state: not at safepoint (not fully initialized)

VM Mutex/Monitor currently owned by a thread:  ([mutex/lock_event])
[0x00007ffb07d43a10] Heap_lock - owner thread: 0x000001c114fbe5b0

Heap address: 0x000000070ce00000, size: 3890 MB, Compressed Oops mode: Zero based, Oop shift amount: 3

CDS archive(s) mapped at: [0x0000000000000000-0x0000000000000000-0x0000000000000000), size 0, SharedBaseAddress: 0x0000000800000000, ArchiveRelocationMode: 1.
Narrow klass base: 0x0000000000000000, Narrow klass shift: 0, Narrow klass range: 0x0

GC Precious Log:
 CardTable entry size: 512
 Card Set container configuration: InlinePtr #cards 4 size 8 Array Of Cards #cards 16 size 48 Howl #buckets 8 coarsen threshold 3686 Howl Bitmap #cards 512 size 80 coarsen threshold 460 Card regions per heap region 1 cards per card region 4096

Heap:
 garbage-first heap   total reserved 3983360K, committed 0K, used 0K [0x000000070ce00000, 0x0000000800000000)
  region size 2048K, 0 young (0K), 0 survivors (0K)

[error occurred during error reporting (printing heap information), id 0xc0000005, EXCEPTION_ACCESS_VIOLATION (0xc0000005) at pc=0x00007ffb0780c3b9]
GC Heap History (0 events):
No events

Dll operation events (1 events):
Event: 0.010 Loaded shared library C:\Program Files\Java\jdk-23\bin\java.dll

Deoptimization events (0 events):
No events

Classes loaded (0 events):
No events

Classes unloaded (0 events):
No events

Classes redefined (0 events):
No events

Internal exceptions (0 events):
No events

VM Operations (0 events):
No events

Memory protections (0 events):
No events

Nmethod flushes (0 events):
No events

Events (0 events):
No events


Dynamic libraries:
0x00007ff774020000 - 0x00007ff774030000 	C:\Program Files\Java\jdk-23\bin\javaw.exe
0x00007ffbe2090000 - 0x00007ffbe22a7000 	C:\WINDOWS\SYSTEM32\ntdll.dll
0x00007ffbe0b00000 - 0x00007ffbe0bc4000 	C:\WINDOWS\System32\KERNEL32.DLL
0x00007ffbdf8a0000 - 0x00007ffbdfc59000 	C:\WINDOWS\System32\KERNELBASE.dll
0x00007ffbdf5c0000 - 0x00007ffbdf6d1000 	C:\WINDOWS\System32\ucrtbase.dll
0x00007ffbb5380000 - 0x00007ffbb539b000 	C:\Program Files\Java\jdk-23\bin\VCRUNTIME140.dll
0x00007ffbb5fe0000 - 0x00007ffbb5ff7000 	C:\Program Files\Java\jdk-23\bin\jli.dll
0x00007ffbe0950000 - 0x00007ffbe0afe000 	C:\WINDOWS\System32\USER32.dll
0x00007ffbdfce0000 - 0x00007ffbdfd06000 	C:\WINDOWS\System32\win32u.dll
0x00007ffbdfe30000 - 0x00007ffbdfe59000 	C:\WINDOWS\System32\GDI32.dll
0x00007ffbd01e0000 - 0x00007ffbd0472000 	C:\WINDOWS\WinSxS\amd64_microsoft.windows.common-controls_6595b64144ccf1df_6.0.22621.4391_none_2715d37f73803e96\COMCTL32.dll
0x00007ffbdf6e0000 - 0x00007ffbdf7fb000 	C:\WINDOWS\System32\gdi32full.dll
0x00007ffbe1950000 - 0x00007ffbe19f7000 	C:\WINDOWS\System32\msvcrt.dll
0x00007ffbdf800000 - 0x00007ffbdf89a000 	C:\WINDOWS\System32\msvcp_win.dll
0x00007ffbe1a00000 - 0x00007ffbe1a31000 	C:\WINDOWS\System32\IMM32.DLL
0x00007ffbc71f0000 - 0x00007ffbc71fc000 	C:\Program Files\Java\jdk-23\bin\vcruntime140_1.dll
0x00007ffb51350000 - 0x00007ffb513de000 	C:\Program Files\Java\jdk-23\bin\msvcp140.dll
0x00007ffb070d0000 - 0x00007ffb07e1f000 	C:\Program Files\Java\jdk-23\bin\server\jvm.dll
0x00007ffbe0bd0000 - 0x00007ffbe0c82000 	C:\WINDOWS\System32\ADVAPI32.dll
0x00007ffbe1680000 - 0x00007ffbe1727000 	C:\WINDOWS\System32\sechost.dll
0x00007ffbdfd10000 - 0x00007ffbdfd38000 	C:\WINDOWS\System32\bcrypt.dll
0x00007ffbe1830000 - 0x00007ffbe1944000 	C:\WINDOWS\System32\RPCRT4.dll
0x00007ffbe1740000 - 0x00007ffbe17b1000 	C:\WINDOWS\System32\WS2_32.dll
0x00007ffbdf260000 - 0x00007ffbdf2ad000 	C:\WINDOWS\SYSTEM32\POWRPROF.dll
0x00007ffbd1b30000 - 0x00007ffbd1b64000 	C:\WINDOWS\SYSTEM32\WINMM.dll
0x00007ffbdb040000 - 0x00007ffbdb04a000 	C:\WINDOWS\SYSTEM32\VERSION.dll
0x00007ffbdf240000 - 0x00007ffbdf253000 	C:\WINDOWS\SYSTEM32\UMPDC.dll
0x00007ffbde370000 - 0x00007ffbde388000 	C:\WINDOWS\SYSTEM32\kernel.appcore.dll
0x00007ffbc2470000 - 0x00007ffbc247a000 	C:\Program Files\Java\jdk-23\bin\jimage.dll
0x00007ffbdcd50000 - 0x00007ffbdcf82000 	C:\WINDOWS\SYSTEM32\DBGHELP.DLL
0x00007ffbe1170000 - 0x00007ffbe14ff000 	C:\WINDOWS\System32\combase.dll
0x00007ffbe1c00000 - 0x00007ffbe1cd7000 	C:\WINDOWS\System32\OLEAUT32.dll
0x00007ffbd58a0000 - 0x00007ffbd58d2000 	C:\WINDOWS\SYSTEM32\dbgcore.DLL
0x00007ffbdfc60000 - 0x00007ffbdfcdb000 	C:\WINDOWS\System32\bcryptPrimitives.dll
0x00007ffbb5360000 - 0x00007ffbb537e000 	C:\Program Files\Java\jdk-23\bin\java.dll
0x00007ffbe1ea0000 - 0x00007ffbe2045000 	C:\WINDOWS\System32\ole32.dll
0x00007ffbe00d0000 - 0x00007ffbe0946000 	C:\WINDOWS\System32\SHELL32.dll

dbghelp: loaded successfully - version: 4.0.5 - missing functions: none
symbol engine: initialized successfully - sym options: 0x614 - pdb path: .;C:\Program Files\Java\jdk-23\bin;C:\WINDOWS\SYSTEM32;C:\WINDOWS\WinSxS\amd64_microsoft.windows.common-controls_6595b64144ccf1df_6.0.22621.4391_none_2715d37f73803e96;C:\Program Files\Java\jdk-23\bin\server

VM Arguments:
jvm_args: -Dfile.encoding=UTF-8 -Dstdout.encoding=UTF-8 -Dstderr.encoding=UTF-8 -XX:+ShowCodeDetailsInExceptionMessages 
java_command: views.HomeView
java_class_path (initial): D:\workspace\baitap1\bin
Launcher Type: SUN_STANDARD

[Global flags]
     intx CICompilerCount                          = 4                                         {product} {ergonomic}
     uint ConcGCThreads                            = 3                                         {product} {ergonomic}
     uint G1ConcRefinementThreads                  = 10                                        {product} {ergonomic}
   size_t G1HeapRegionSize                         = 2097152                                   {product} {ergonomic}
   size_t InitialHeapSize                          = 255852544                                 {product} {ergonomic}
   size_t MarkStackSize                            = 4194304                                   {product} {ergonomic}
   size_t MarkStackSizeMax                         = 536870912                                 {product} {ergonomic}
   size_t MaxHeapSize                              = 4078960640                                {product} {ergonomic}
   size_t MinHeapDeltaBytes                        = 2097152                                   {product} {ergonomic}
   size_t MinHeapSize                              = 8388608                                   {product} {ergonomic}
    uintx NonNMethodCodeHeapSize                   = 5832704                                {pd product} {ergonomic}
    uintx NonProfiledCodeHeapSize                  = 122945536                              {pd product} {ergonomic}
    uintx ProfiledCodeHeapSize                     = 122880000                              {pd product} {ergonomic}
    uintx ReservedCodeCacheSize                    = 251658240                              {pd product} {ergonomic}
     bool SegmentedCodeCache                       = true                                      {product} {ergonomic}
     bool ShowCodeDetailsInExceptionMessages       = true                                   {manageable} {command line}
   size_t SoftMaxHeapSize                          = 4078960640                             {manageable} {ergonomic}
     bool UseCompressedOops                        = true                           {product lp64_product} {ergonomic}
     bool UseG1GC                                  = true                                      {product} {ergonomic}
     bool UseLargePagesIndividualAllocation        = false                                  {pd product} {ergonomic}

Logging:
Log output configuration:
 #0: stdout all=warning uptime,level,tags foldmultilines=false
 #1: stderr all=off uptime,level,tags foldmultilines=false

Environment Variables:
PATH=C:\Program Files\Common Files\Oracle\Java\javapath;C:\Program Files (x86)\Common Files\Oracle\Java\java8path;C:\Program Files (x86)\Common Files\Oracle\Java\javapath;C:\Windows\system32;C:\Windows;C:\Windows\System32\Wbem;C:\Windows\System32\WindowsPowerShell\v1.0\;C:\Windows\System32\OpenSSH\;C:\Program Files (x86)\NVIDIA Corporation\PhysX\Common;C:\Program Files\NVIDIA Corporation\NVIDIA NvDLISR;C:\WINDOWS\system32;C:\WINDOWS;C:\WINDOWS\System32\Wbem;C:\WINDOWS\System32\WindowsPowerShell\v1.0\;C:\WINDOWS\System32\OpenSSH\;C:\Program Files\Cloudflare\Cloudflare WARP\;C:\Program Files\Java\jdk-22\bin;C:\Program Files (x86)\Microsoft SQL Server\160\Tools\Binn\;C:\Program Files\Microsoft SQL Server\160\Tools\Binn\;C:\Program Files\Microsoft SQL Server\Client SDK\ODBC\170\Tools\Binn\;C:\Program Files\Microsoft SQL Server\160\DTS\Binn\;C:\Program Files (x86)\Microsoft SQL Server\160\DTS\Binn\;C:\Users\Lenovo\AppData\Local\Microsoft\WindowsApps;C:\Users\Lenovo\AppData\Local\Programs\Microsoft VS Code\bin;C:\Users\Lenovo\AppData\Local\Programs\Microsoft VS Code\bin;C:\MinGW\bin;C:\mingw64\bin;C:\Program Files\Java\jdk-22\bin;
USERNAME=Lenovo
OS=Windows_NT
PROCESSOR_IDENTIFIER=AMD64 Family 25 Model 68 Stepping 1, AuthenticAMD
TMP=C:\Users\Lenovo\AppData\Local\Temp
TEMP=C:\Users\Lenovo\AppData\Local\Temp




Periodic native trim disabled

---------------  S Y S T E M  ---------------

OS:
 Windows 11 , 64 bit Build 22621 (10.0.22621.4391)
OS uptime: 6 days 22:38 hours

CPU: total 12 (initial active 12) (12 cores per cpu, 2 threads per core) family 25 model 68 stepping 1 microcode 0x0, cx8, cmov, fxsr, ht, mmx, 3dnowpref, sse, sse2, sse3, ssse3, sse4a, sse4.1, sse4.2, popcnt, lzcnt, tsc, tscinvbit, avx, avx2, aes, erms, clmul, bmi1, bmi2, adx, sha, fma, vzeroupper, clflush, clflushopt, rdtscp, rdpid, fsrm, f16c, pku, cet_ss
Processor Information for processor 0
  Max Mhz: 3301, Current Mhz: 3301, Mhz Limit: 3301
Processor Information for processor 1
  Max Mhz: 3301, Current Mhz: 3301, Mhz Limit: 3301
Processor Information for processor 2
  Max Mhz: 3301, Current Mhz: 2640, Mhz Limit: 3301
Processor Information for processor 3
  Max Mhz: 3301, Current Mhz: 3301, Mhz Limit: 3301
Processor Information for processor 4
  Max Mhz: 3301, Current Mhz: 2640, Mhz Limit: 3301
Processor Information for processor 5
  Max Mhz: 3301, Current Mhz: 3301, Mhz Limit: 3301
Processor Information for processor 6
  Max Mhz: 3301, Current Mhz: 2640, Mhz Limit: 3301
Processor Information for processor 7
  Max Mhz: 3301, Current Mhz: 2640, Mhz Limit: 3301
Processor Information for processor 8
  Max Mhz: 3301, Current Mhz: 3301, Mhz Limit: 3301
Processor Information for processor 9
  Max Mhz: 3301, Current Mhz: 2640, Mhz Limit: 3301
Processor Information for processor 10
  Max Mhz: 3301, Current Mhz: 2640, Mhz Limit: 3301
Processor Information for processor 11
  Max Mhz: 3301, Current Mhz: 2640, Mhz Limit: 3301

Memory: 4k page, system-wide physical 15557M (641M free)
TotalPageFile size 34868M (AvailPageFile size 179M)
current process WorkingSet (physical memory assigned to process): 12M, peak: 12M
current process commit charge ("private bytes"): 64M, peak: 308M

vm_info: Java HotSpot(TM) 64-Bit Server VM (23+37-2369) for windows-amd64 JRE (23+37-2369), built on 2024-08-20T16:01:23Z with MS VC++ 17.6 (VS2022)

END.
